  Source.cpp
  pieces.cpp
c:\users\alden\source\repos\new chess\new chess\pieces.cpp(165): warning C4244: 'argument': conversion from 'time_t' to 'unsigned int', possible loss of data
c:\users\alden\source\repos\new chess\new chess\pieces.cpp(318): warning C4018: '>': signed/unsigned mismatch
c:\users\alden\source\repos\new chess\new chess\pieces.cpp(318): warning C4018: '<': signed/unsigned mismatch
c:\users\alden\source\repos\new chess\new chess\pieces.cpp(321): warning C4018: '>': signed/unsigned mismatch
c:\users\alden\source\repos\new chess\new chess\pieces.cpp(321): warning C4018: '<': signed/unsigned mismatch
c:\users\alden\source\repos\new chess\new chess\pieces.cpp(340): warning C4018: '>': signed/unsigned mismatch
c:\users\alden\source\repos\new chess\new chess\pieces.cpp(340): warning C4018: '<': signed/unsigned mismatch
c:\users\alden\source\repos\new chess\new chess\pieces.cpp(343): warning C4018: '>': signed/unsigned mismatch
c:\users\alden\source\repos\new chess\new chess\pieces.cpp(343): warning C4018: '<': signed/unsigned mismatch
c:\users\alden\source\repos\new chess\new chess\pieces.cpp(555): warning C4267: 'initializing': conversion from 'size_t' to 'int', possible loss of data
c:\users\alden\source\repos\new chess\new chess\pieces.cpp(1963): warning C4244: '=': conversion from 'double' to '_Ty', possible loss of data
          with
          [
              _Ty=int
          ]
c:\users\alden\source\repos\new chess\new chess\pieces.cpp(2165): warning C4018: '<=': signed/unsigned mismatch
c:\users\alden\source\repos\new chess\new chess\pieces.cpp(1863): warning C4101: 'restoreX': unreferenced local variable
c:\users\alden\source\repos\new chess\new chess\pieces.cpp(1864): warning C4101: 'restoreY': unreferenced local variable
c:\users\alden\source\repos\new chess\new chess\pieces.cpp(1877): warning C4101: 'c': unreferenced local variable
c:\users\alden\source\repos\new chess\new chess\pieces.cpp(1868): warning C4101: 'restoreSY': unreferenced local variable
c:\users\alden\source\repos\new chess\new chess\pieces.cpp(1867): warning C4101: 'restoreSX': unreferenced local variable
c:\users\alden\source\repos\new chess\new chess\pieces.cpp(1865): warning C4101: 'restoreTeam': unreferenced local variable
  Generating Code...
  new Chess.vcxproj -> C:\Users\Alden\source\repos\new Chess\x64\Debug\new Chess.exe
