  pieces.cpp
c:\users\alden\source\repos\new chess\new chess\pieces.cpp(4): warning C4244: 'argument': conversion from 'time_t' to 'unsigned int', possible loss of data
c:\users\alden\source\repos\new chess\new chess\pieces.cpp(152): warning C4018: '>': signed/unsigned mismatch
c:\users\alden\source\repos\new chess\new chess\pieces.cpp(152): warning C4018: '<': signed/unsigned mismatch
c:\users\alden\source\repos\new chess\new chess\pieces.cpp(155): warning C4018: '>': signed/unsigned mismatch
c:\users\alden\source\repos\new chess\new chess\pieces.cpp(155): warning C4018: '<': signed/unsigned mismatch
c:\users\alden\source\repos\new chess\new chess\pieces.cpp(175): warning C4018: '>': signed/unsigned mismatch
c:\users\alden\source\repos\new chess\new chess\pieces.cpp(175): warning C4018: '<': signed/unsigned mismatch
c:\users\alden\source\repos\new chess\new chess\pieces.cpp(178): warning C4018: '>': signed/unsigned mismatch
c:\users\alden\source\repos\new chess\new chess\pieces.cpp(178): warning C4018: '<': signed/unsigned mismatch
c:\users\alden\source\repos\new chess\new chess\pieces.cpp(1684): warning C4244: '=': conversion from 'double' to '_Ty', possible loss of data
          with
          [
              _Ty=int
          ]
c:\users\alden\source\repos\new chess\new chess\pieces.cpp(1584): warning C4101: 'restoreX': unreferenced local variable
c:\users\alden\source\repos\new chess\new chess\pieces.cpp(1585): warning C4101: 'restoreY': unreferenced local variable
c:\users\alden\source\repos\new chess\new chess\pieces.cpp(1598): warning C4101: 'c': unreferenced local variable
c:\users\alden\source\repos\new chess\new chess\pieces.cpp(1589): warning C4101: 'restoreSY': unreferenced local variable
c:\users\alden\source\repos\new chess\new chess\pieces.cpp(1588): warning C4101: 'restoreSX': unreferenced local variable
c:\users\alden\source\repos\new chess\new chess\pieces.cpp(1586): warning C4101: 'restoreTeam': unreferenced local variable
  Generating code
  2 of 928 functions ( 0.2%) were compiled, the rest were copied from previous compilation.
    0 functions were new in current compilation
    4 functions had inline decision re-evaluated but remain unchanged
  Finished generating code
  new Chess.vcxproj -> C:\Users\Alden\source\repos\new Chess\Release\new Chess.exe
